<?xml version="1.0" encoding="UTF-8"?>
<testsuites name="New Test Suite" time="40.26" tests="1" failures="0" errors="0">
   <testsuite name="New Test Suite" tests="1" failures="0" errors="0" time="40.26" skipped="0" timestamp="2023-08-02 16:46:29" hostname="quan.trinh - 192.168.0.30" id="Test Suites/New Test Suite">
      <properties>
         <property name="deviceName" value=""/>
         <property name="devicePlatform" value=""/>
         <property name="logFolder" value="/Users/quan.trinh/git/downloadfiledirectory/Reports/20230802_164626/New Test Suite/20230802_164626"/>
         <property name="logFiles" value="/Users/quan.trinh/git/downloadfiledirectory/Reports/20230802_164626/New Test Suite/20230802_164626/execution0.log"/>
         <property name="attachments" value=""/>
         <property name="hostName" value="quan.trinh - 192.168.0.30"/>
         <property name="os" value="Mac OS X 64bit"/>
         <property name="katalonVersion" value="8.6.5.208"/>
         <property name="browser" value="Chrome 106.0.0.0"/>
         <property name="hostAddress" value="192.168.0.30"/>
         <property name="sessionId" value="ea63ee6e8feb744b35f6f413dddc48ce"/>
         <property name="seleniumVersion" value="3.141.59"/>
         <property name="proxyInformation" value="ProxyInformation { proxyOption=NO_PROXY, proxyServerType=HTTP, username=, password=********, proxyServerAddress=, proxyServerPort=0, executionList=&quot;&quot;, isApplyToDesiredCapabilities=true }"/>
         <property name="platform" value="Mac OS X"/>
      </properties>
      <testcase name="Test Cases/Download files" time="39.821" classname="Test Cases/Download files" status="PASSED">
         <system-out><![CDATA[2023-08-02 16:46:30 - [TEST_CASE][PASSED] - Test Cases/Download files: Test Cases/Download files

2023-08-02 16:46:30 - [TEST_STEP][PASSED] - Start listener action : enableSauceLabs: [SAUCELABS] Saucelabs Plugin will not attempt to auto update job status and information !

2023-08-02 16:46:30 - [MESSAGE][INFO] - [SAUCELABS] Current run configuration: Chrome

2023-08-02 16:46:30 - [MESSAGE][INFO] - [SAUCELABS] Saucelabs Plugin will not attempt to auto update job status and information !

2023-08-02 16:46:30 - [TEST_STEP][PASSED] - path = System.getProperty("user.dir"): null

2023-08-02 16:46:30 - [TEST_STEP][PASSED] - DOWNLOAD_FOLDER_PATH = path + separator + "My Downloads": null

2023-08-02 16:46:30 - [TEST_STEP][PASSED] - prefs = ["download.default_directory":DOWNLOAD_FOLDER_PATH]: null

2023-08-02 16:46:30 - [TEST_STEP][PASSED] - setWebDriverPreferencesProperty("prefs", prefs): null

2023-08-02 16:46:30 - [TEST_STEP][PASSED] - openBrowser(""): Browser is opened with url: ''

2023-08-02 16:46:31 - [MESSAGE][INFO] - Starting 'Chrome' driver

2023-08-02 16:46:31 - [MESSAGE][INFO] - User set preference: ['prefs', '{download.default_directory=/Users/quan.trinh/git/downloadfiledirectory/My Downloads}']

2023-08-02 16:46:31 - [MESSAGE][INFO] - Action delay is set to 0 milliseconds

2023-08-02 16:46:53 - [MESSAGE][PASSED] - Browser is opened with url: ''

2023-08-02 16:46:53 - [TEST_STEP][PASSED] - navigateToUrl("https://demo.automationtesting.in/FileDownload.html"): Navigate to 'https://demo.automationtesting.in/FileDownload.html' successfully

2023-08-02 16:46:56 - [MESSAGE][PASSED] - Navigate to 'https://demo.automationtesting.in/FileDownload.html' successfully

2023-08-02 16:46:56 - [TEST_STEP][PASSED] - switchToWindowTitle("File input - Multi select"): Switched to window with title: 'File input - Multi select'

2023-08-02 16:46:56 - [MESSAGE][PASSED] - Switched to window with title: 'File input - Multi select'

2023-08-02 16:46:56 - [TEST_STEP][PASSED] - enableSmartWait(): null

2023-08-02 16:46:56 - [TEST_STEP][PASSED] - click(findTestObject("Object Repository/a_Download")): Object: 'Object Repository/a_Download' is clicked on

2023-08-02 16:46:59 - [MESSAGE][PASSED] - Object: 'Object Repository/a_Download' is clicked on

2023-08-02 16:46:59 - [TEST_STEP][PASSED] - delay(10): Delayed 10 second(s)

2023-08-02 16:47:09 - [MESSAGE][PASSED] - Delayed 10 second(s)

2023-08-02 16:47:09 - [TEST_STEP][PASSED] - closeBrowser(): Browser is closed

2023-08-02 16:47:10 - [MESSAGE][PASSED] - Browser is closed

2023-08-02 16:47:10 - [TEST_STEP][PASSED] - Start listener action : autoUpdateJobStatus: [SAUCELABS] Current run configuration: Chrome

2023-08-02 16:47:10 - [MESSAGE][INFO] - [SAUCELABS] Current run configuration: Chrome]]></system-out>
         <system-err><![CDATA[]]></system-err>
      </testcase>
      <system-out><![CDATA[2023-08-02 16:46:29 - [TEST_SUITE][PASSED] - New Test Suite: Test Cases/Download files]]></system-out>
      <system-err><![CDATA[]]></system-err>
   </testsuite>
</testsuites>
